[DEBUG] [22-01-21] [org.apache.ibatis.logging.LogFactory]Logging initialized using 'class org.apache.ibatis.logging.log4j.Log4jImpl' adapter.
[DEBUG] [22-01-21] [org.apache.ibatis.logging.LogFactory]Logging initialized using 'class org.apache.ibatis.logging.log4j.Log4jImpl' adapter.
[DEBUG] [22-01-21] [org.apache.ibatis.datasource.pooled.PooledDataSource]PooledDataSource forcefully closed/removed all connections.
[DEBUG] [22-01-21] [org.apache.ibatis.datasource.pooled.PooledDataSource]PooledDataSource forcefully closed/removed all connections.
[DEBUG] [22-01-21] [org.apache.ibatis.datasource.pooled.PooledDataSource]PooledDataSource forcefully closed/removed all connections.
[DEBUG] [22-01-21] [org.apache.ibatis.datasource.pooled.PooledDataSource]PooledDataSource forcefully closed/removed all connections.
[DEBUG] [22-01-21] [org.apache.ibatis.logging.LogFactory]Logging initialized using 'class org.apache.ibatis.logging.log4j.Log4jImpl' adapter.
[DEBUG] [22-01-21] [org.apache.ibatis.logging.LogFactory]Logging initialized using 'class org.apache.ibatis.logging.log4j.Log4jImpl' adapter.
[DEBUG] [22-01-21] [org.apache.ibatis.datasource.pooled.PooledDataSource]PooledDataSource forcefully closed/removed all connections.
[DEBUG] [22-01-21] [org.apache.ibatis.datasource.pooled.PooledDataSource]PooledDataSource forcefully closed/removed all connections.
[DEBUG] [22-01-21] [org.apache.ibatis.datasource.pooled.PooledDataSource]PooledDataSource forcefully closed/removed all connections.
[DEBUG] [22-01-21] [org.apache.ibatis.datasource.pooled.PooledDataSource]PooledDataSource forcefully closed/removed all connections.
[DEBUG] [22-01-21] [org.apache.ibatis.transaction.jdbc.JdbcTransaction]Opening JDBC Connection
[DEBUG] [22-01-21] [org.apache.ibatis.datasource.pooled.PooledDataSource]Created connection 1910438136.
[DEBUG] [22-01-21] [org.apache.ibatis.transaction.jdbc.JdbcTransaction]Setting autocommit to false on JDBC Connection [com.mysql.cj.jdbc.ConnectionImpl@71def8f8]
[DEBUG] [22-01-21] [com.xiong.dao.UserMapper.getUserList]==>  Preparing: select * from mybatis.user
[DEBUG] [22-01-21] [com.xiong.dao.UserMapper.getUserList]==> Parameters: 
[DEBUG] [22-01-21] [com.xiong.dao.UserMapper.getUserList]<==      Total: 7
[DEBUG] [22-01-21] [org.apache.ibatis.transaction.jdbc.JdbcTransaction]Resetting autocommit to true on JDBC Connection [com.mysql.cj.jdbc.ConnectionImpl@71def8f8]
[DEBUG] [22-01-21] [org.apache.ibatis.transaction.jdbc.JdbcTransaction]Closing JDBC Connection [com.mysql.cj.jdbc.ConnectionImpl@71def8f8]
[DEBUG] [22-01-21] [org.apache.ibatis.datasource.pooled.PooledDataSource]Returned connection 1910438136 to pool.
[DEBUG] [22-01-21] [org.apache.ibatis.logging.LogFactory]Logging initialized using 'class org.apache.ibatis.logging.log4j.Log4jImpl' adapter.
[DEBUG] [22-01-21] [org.apache.ibatis.logging.LogFactory]Logging initialized using 'class org.apache.ibatis.logging.log4j.Log4jImpl' adapter.
[DEBUG] [22-01-21] [org.apache.ibatis.datasource.pooled.PooledDataSource]PooledDataSource forcefully closed/removed all connections.
[DEBUG] [22-01-21] [org.apache.ibatis.datasource.pooled.PooledDataSource]PooledDataSource forcefully closed/removed all connections.
[DEBUG] [22-01-21] [org.apache.ibatis.datasource.pooled.PooledDataSource]PooledDataSource forcefully closed/removed all connections.
[DEBUG] [22-01-21] [org.apache.ibatis.datasource.pooled.PooledDataSource]PooledDataSource forcefully closed/removed all connections.
[DEBUG] [22-01-21] [org.apache.ibatis.transaction.jdbc.JdbcTransaction]Opening JDBC Connection
[DEBUG] [22-01-21] [org.apache.ibatis.datasource.pooled.PooledDataSource]Created connection 1409154977.
[DEBUG] [22-01-21] [org.apache.ibatis.transaction.jdbc.JdbcTransaction]Setting autocommit to false on JDBC Connection [com.mysql.cj.jdbc.ConnectionImpl@53fdffa1]
[DEBUG] [22-01-21] [com.xiong.dao.UserMapper.getUserList]==>  Preparing: select * from mybatis.user
[DEBUG] [22-01-21] [com.xiong.dao.UserMapper.getUserList]==> Parameters: 
[DEBUG] [22-01-21] [com.xiong.dao.UserMapper.getUserList]<==      Total: 7
[DEBUG] [22-01-21] [org.apache.ibatis.transaction.jdbc.JdbcTransaction]Resetting autocommit to true on JDBC Connection [com.mysql.cj.jdbc.ConnectionImpl@53fdffa1]
[DEBUG] [22-01-21] [org.apache.ibatis.transaction.jdbc.JdbcTransaction]Closing JDBC Connection [com.mysql.cj.jdbc.ConnectionImpl@53fdffa1]
[DEBUG] [22-01-21] [org.apache.ibatis.datasource.pooled.PooledDataSource]Returned connection 1409154977 to pool.
